<?xml version="1.0" encoding="UTF-8"?>
<!-- Generated by org.testng.reporters.JUnitReportReporter -->
<testsuite hostname="sithsabesh-desktop" failures="0" tests="4" name="testNGPractice.basic" time="0.012" errors="0" timestamp="2022-07-08T19:31:15 IST" skipped="0">
  <testcase classname="testNGPractice.basic" name="thirdTestCase" time="0.001"/>
  <system-out/>
  <testcase classname="testNGPractice.basic" name="fourthTestCase" time="0.001"/>
  <system-out/>
  <testcase classname="testNGPractice.basic" name="firstTestCase" time="0.008"/>
  <system-out/>
  <testcase classname="testNGPractice.basic" name="secondTestCase" time="0.002"/>
  <system-out/>
</testsuite> <!-- testNGPractice.basic -->
